This is pdfTeX, Version 3.141592653-2.6-1.40.27 (TeX Live 2025/nixos.org) (preloaded format=pdflatex 1980.1.1)  13 MAR 2026 12:10
entering extended mode
 restricted \write18 enabled.
 file:line:error style messages enabled.
 %&-line parsing enabled.
**/home/rem/Dev/linnet/docs/typesystem.tex
(/home/rem/Dev/linnet/docs/typesystem.tex
LaTeX2e <2025-06-01> patch level 1
L3 programming layer <2025-06-09>
(/nix/store/5l0xwh6bzjvcfy3dmpp8xq34mq7nkgjl-texlive-combined-full-2025.20250703-texmfdist/tex/latex/base/article.cls
Document Class: article 2025/01/22 v1.4n Standard LaTeX document class
(/nix/store/5l0xwh6bzjvcfy3dmpp8xq34mq7nkgjl-texlive-combined-full-2025.20250703-texmfdist/tex/latex/base/size11.clo
File: size11.clo 2025/01/22 v1.4n Standard LaTeX file (size option)
)
\c@part=\count275
\c@section=\count276
\c@subsection=\count277
\c@subsubsection=\count278
\c@paragraph=\count279
\c@subparagraph=\count280
\c@figure=\count281
\c@table=\count282
\abovecaptionskip=\skip49
\belowcaptionskip=\skip50
\bibindent=\dimen148
) (/nix/store/5l0xwh6bzjvcfy3dmpp8xq34mq7nkgjl-texlive-combined-full-2025.20250703-texmfdist/tex/latex/amsmath/amsmath.sty
Package: amsmath 2025/06/16 v2.17y AMS math features
\@mathmargin=\skip51

For additional information on amsmath, use the `?' option.
(/nix/store/5l0xwh6bzjvcfy3dmpp8xq34mq7nkgjl-texlive-combined-full-2025.20250703-texmfdist/tex/latex/amsmath/amstext.sty
Package: amstext 2024/11/17 v2.01 AMS text
 (/nix/store/5l0xwh6bzjvcfy3dmpp8xq34mq7nkgjl-texlive-combined-full-2025.20250703-texmfdist/tex/latex/amsmath/amsgen.sty
File: amsgen.sty 1999/11/30 v2.0 generic functions
\@emptytoks=\toks17
\ex@=\dimen149
)) (/nix/store/5l0xwh6bzjvcfy3dmpp8xq34mq7nkgjl-texlive-combined-full-2025.20250703-texmfdist/tex/latex/amsmath/amsbsy.sty
Package: amsbsy 1999/11/29 v1.2d Bold Symbols
\pmbraise@=\dimen150
) (/nix/store/5l0xwh6bzjvcfy3dmpp8xq34mq7nkgjl-texlive-combined-full-2025.20250703-texmfdist/tex/latex/amsmath/amsopn.sty
Package: amsopn 2022/04/08 v2.04 operator names
)
\inf@bad=\count283
LaTeX Info: Redefining \frac on input line 233.
\uproot@=\count284
\leftroot@=\count285
LaTeX Info: Redefining \overline on input line 398.
LaTeX Info: Redefining \colon on input line 409.
\classnum@=\count286
\DOTSCASE@=\count287
LaTeX Info: Redefining \ldots on input line 495.
LaTeX Info: Redefining \dots on input line 498.
LaTeX Info: Redefining \cdots on input line 619.
\Mathstrutbox@=\box53
\strutbox@=\box54
LaTeX Info: Redefining \big on input line 721.
LaTeX Info: Redefining \Big on input line 722.
LaTeX Info: Redefining \bigg on input line 723.
LaTeX Info: Redefining \Bigg on input line 724.
\big@size=\dimen151
LaTeX Font Info:    Redeclaring font encoding OML on input line 742.
LaTeX Font Info:    Redeclaring font encoding OMS on input line 743.
\macc@depth=\count288
LaTeX Info: Redefining \bmod on input line 904.
LaTeX Info: Redefining \pmod on input line 909.
LaTeX Info: Redefining \smash on input line 939.
LaTeX Info: Redefining \relbar on input line 969.
LaTeX Info: Redefining \Relbar on input line 970.
\c@MaxMatrixCols=\count289
\dotsspace@=\muskip17
\c@parentequation=\count290
\dspbrk@lvl=\count291
\tag@help=\toks18
\row@=\count292
\column@=\count293
\maxfields@=\count294
\andhelp@=\toks19
\eqnshift@=\dimen152
\alignsep@=\dimen153
\tagshift@=\dimen154
\tagwidth@=\dimen155
\totwidth@=\dimen156
\lineht@=\dimen157
\@envbody=\toks20
\multlinegap=\skip52
\multlinetaggap=\skip53
\mathdisplay@stack=\toks21
LaTeX Info: Redefining \[ on input line 2949.
LaTeX Info: Redefining \] on input line 2950.
) (/nix/store/5l0xwh6bzjvcfy3dmpp8xq34mq7nkgjl-texlive-combined-full-2025.20250703-texmfdist/tex/latex/amsfonts/amssymb.sty
Package: amssymb 2013/01/14 v3.01 AMS font symbols
 (/nix/store/5l0xwh6bzjvcfy3dmpp8xq34mq7nkgjl-texlive-combined-full-2025.20250703-texmfdist/tex/latex/amsfonts/amsfonts.sty
Package: amsfonts 2013/01/14 v3.01 Basic AMSFonts support
\symAMSa=\mathgroup4
\symAMSb=\mathgroup5
LaTeX Font Info:    Redeclaring math symbol \hbar on input line 98.
LaTeX Font Info:    Overwriting math alphabet `\mathfrak' in version `bold'
(Font)                  U/euf/m/n --> U/euf/b/n on input line 106.
)) (/nix/store/5l0xwh6bzjvcfy3dmpp8xq34mq7nkgjl-texlive-combined-full-2025.20250703-texmfdist/tex/latex/amscls/amsthm.sty
Package: amsthm 2020/05/29 v2.20.6
\thm@style=\toks22
\thm@bodyfont=\toks23
\thm@headfont=\toks24
\thm@notefont=\toks25
\thm@headpunct=\toks26
\thm@preskip=\skip54
\thm@postskip=\skip55
\thm@headsep=\skip56
\dth@everypar=\toks27
) (/nix/store/5l0xwh6bzjvcfy3dmpp8xq34mq7nkgjl-texlive-combined-full-2025.20250703-texmfdist/tex/latex/tools/enumerate.sty
Package: enumerate 2023/07/04 v3.00 enumerate extensions (DPC)
\@enLab=\toks28
) (/nix/store/5l0xwh6bzjvcfy3dmpp8xq34mq7nkgjl-texlive-combined-full-2025.20250703-texmfdist/tex/latex/mathpartir/mathpartir.sty
Package: mathpartir 2016/02/24 version 1.3.2 Math Paragraph for Typesetting Inference Rules
 (/nix/store/5l0xwh6bzjvcfy3dmpp8xq34mq7nkgjl-texlive-combined-full-2025.20250703-texmfdist/tex/latex/graphics/keyval.sty
Package: keyval 2022/05/29 v1.15 key=value parser (DPC)
\KV@toks@=\toks29
)
\mpr@andskip=\skip57
\mpr@lista=\toks30
\mpr@listb=\toks31
\mpr@hlist=\box55
\mpr@vlist=\box56
\mpr@right=\box57
) (/nix/store/5l0xwh6bzjvcfy3dmpp8xq34mq7nkgjl-texlive-combined-full-2025.20250703-texmfdist/tex/latex/listings/listings.sty
\lst@mode=\count295
\lst@gtempboxa=\box58
\lst@token=\toks32
\lst@length=\count296
\lst@currlwidth=\dimen158
\lst@column=\count297
\lst@pos=\count298
\lst@lostspace=\dimen159
\lst@width=\dimen160
\lst@newlines=\count299
\lst@lineno=\count300
\lst@maxwidth=\dimen161
 (/nix/store/5l0xwh6bzjvcfy3dmpp8xq34mq7nkgjl-texlive-combined-full-2025.20250703-texmfdist/tex/latex/listings/lstpatch.sty
File: lstpatch.sty 2024/09/23 1.10c (Carsten Heinz)
) (/nix/store/5l0xwh6bzjvcfy3dmpp8xq34mq7nkgjl-texlive-combined-full-2025.20250703-texmfdist/tex/latex/listings/lstmisc.sty
File: lstmisc.sty 2024/09/23 1.10c (Carsten Heinz)
\c@lstnumber=\count301
\lst@skipnumbers=\count302
\lst@framebox=\box59
) (/nix/store/5l0xwh6bzjvcfy3dmpp8xq34mq7nkgjl-texlive-combined-full-2025.20250703-texmfdist/tex/latex/listings/listings.cfg
File: listings.cfg 2024/09/23 1.10c listings configuration
))
Package: listings 2024/09/23 1.10c (Carsten Heinz)
 (/nix/store/5l0xwh6bzjvcfy3dmpp8xq34mq7nkgjl-texlive-combined-full-2025.20250703-texmfdist/tex/latex/xcolor/xcolor.sty
Package: xcolor 2024/09/29 v3.02 LaTeX color extensions (UK)
 (/nix/store/5l0xwh6bzjvcfy3dmpp8xq34mq7nkgjl-texlive-combined-full-2025.20250703-texmfdist/tex/latex/graphics-cfg/color.cfg
File: color.cfg 2016/01/02 v1.6 sample color configuration
)
Package xcolor Info: Driver file: pdftex.def on input line 274.
 (/nix/store/5l0xwh6bzjvcfy3dmpp8xq34mq7nkgjl-texlive-combined-full-2025.20250703-texmfdist/tex/latex/graphics-def/pdftex.def
File: pdftex.def 2024/04/13 v1.2c Graphics/color driver for pdftex
) (/nix/store/5l0xwh6bzjvcfy3dmpp8xq34mq7nkgjl-texlive-combined-full-2025.20250703-texmfdist/tex/latex/graphics/mathcolor.ltx)
Package xcolor Info: Model `cmy' substituted by `cmy0' on input line 1349.
Package xcolor Info: Model `hsb' substituted by `rgb' on input line 1353.
Package xcolor Info: Model `RGB' extended on input line 1365.
Package xcolor Info: Model `HTML' substituted by `rgb' on input line 1367.
Package xcolor Info: Model `Hsb' substituted by `hsb' on input line 1368.
Package xcolor Info: Model `tHsb' substituted by `hsb' on input line 1369.
Package xcolor Info: Model `HSB' substituted by `hsb' on input line 1370.
Package xcolor Info: Model `Gray' substituted by `gray' on input line 1371.
Package xcolor Info: Model `wave' substituted by `hsb' on input line 1372.
) (/nix/store/5l0xwh6bzjvcfy3dmpp8xq34mq7nkgjl-texlive-combined-full-2025.20250703-texmfdist/tex/latex/hyperref/hyperref.sty
Package: hyperref 2025-06-21 v7.01n Hypertext links for LaTeX
 (/nix/store/5l0xwh6bzjvcfy3dmpp8xq34mq7nkgjl-texlive-combined-full-2025.20250703-texmfdist/tex/generic/iftex/iftex.sty
Package: iftex 2024/12/12 v1.0g TeX engine tests
) (/nix/store/5l0xwh6bzjvcfy3dmpp8xq34mq7nkgjl-texlive-combined-full-2025.20250703-texmfdist/tex/latex/kvsetkeys/kvsetkeys.sty
Package: kvsetkeys 2022-10-05 v1.19 Key value parser (HO)
) (/nix/store/5l0xwh6bzjvcfy3dmpp8xq34mq7nkgjl-texlive-combined-full-2025.20250703-texmfdist/tex/generic/kvdefinekeys/kvdefinekeys.sty
Package: kvdefinekeys 2019-12-19 v1.6 Define keys (HO)
) (/nix/store/5l0xwh6bzjvcfy3dmpp8xq34mq7nkgjl-texlive-combined-full-2025.20250703-texmfdist/tex/generic/pdfescape/pdfescape.sty
Package: pdfescape 2019/12/09 v1.15 Implements pdfTeX's escape features (HO)
 (/nix/store/5l0xwh6bzjvcfy3dmpp8xq34mq7nkgjl-texlive-combined-full-2025.20250703-texmfdist/tex/generic/ltxcmds/ltxcmds.sty
Package: ltxcmds 2023-12-04 v1.26 LaTeX kernel commands for general use (HO)
) (/nix/store/5l0xwh6bzjvcfy3dmpp8xq34mq7nkgjl-texlive-combined-full-2025.20250703-texmfdist/tex/generic/pdftexcmds/pdftexcmds.sty
Package: pdftexcmds 2020-06-27 v0.33 Utility functions of pdfTeX for LuaTeX (HO)
 (/nix/store/5l0xwh6bzjvcfy3dmpp8xq34mq7nkgjl-texlive-combined-full-2025.20250703-texmfdist/tex/generic/infwarerr/infwarerr.sty
Package: infwarerr 2019/12/03 v1.5 Providing info/warning/error messages (HO)
)
Package pdftexcmds Info: \pdf@primitive is available.
Package pdftexcmds Info: \pdf@ifprimitive is available.
Package pdftexcmds Info: \pdfdraftmode found.
)) (/nix/store/5l0xwh6bzjvcfy3dmpp8xq34mq7nkgjl-texlive-combined-full-2025.20250703-texmfdist/tex/latex/hycolor/hycolor.sty
Package: hycolor 2020-01-27 v1.10 Color options for hyperref/bookmark (HO)
) (/nix/store/5l0xwh6bzjvcfy3dmpp8xq34mq7nkgjl-texlive-combined-full-2025.20250703-texmfdist/tex/latex/hyperref/nameref.sty
Package: nameref 2025-06-21 v2.57 Cross-referencing by name of section
 (/nix/store/5l0xwh6bzjvcfy3dmpp8xq34mq7nkgjl-texlive-combined-full-2025.20250703-texmfdist/tex/latex/refcount/refcount.sty
Package: refcount 2019/12/15 v3.6 Data extraction from label references (HO)
) (/nix/store/5l0xwh6bzjvcfy3dmpp8xq34mq7nkgjl-texlive-combined-full-2025.20250703-texmfdist/tex/generic/gettitlestring/gettitlestring.sty
Package: gettitlestring 2019/12/15 v1.6 Cleanup title references (HO)
 (/nix/store/5l0xwh6bzjvcfy3dmpp8xq34mq7nkgjl-texlive-combined-full-2025.20250703-texmfdist/tex/latex/kvoptions/kvoptions.sty
Package: kvoptions 2022-06-15 v3.15 Key value format for package options (HO)
))
\c@section@level=\count303
) (/nix/store/5l0xwh6bzjvcfy3dmpp8xq34mq7nkgjl-texlive-combined-full-2025.20250703-texmfdist/tex/latex/etoolbox/etoolbox.sty
Package: etoolbox 2025/02/11 v2.5l e-TeX tools for LaTeX (JAW)
\etb@tempcnta=\count304
) (/nix/store/5l0xwh6bzjvcfy3dmpp8xq34mq7nkgjl-texlive-combined-full-2025.20250703-texmfdist/tex/generic/stringenc/stringenc.sty
Package: stringenc 2019/11/29 v1.12 Convert strings between diff. encodings (HO)
)
\@linkdim=\dimen162
\Hy@linkcounter=\count305
\Hy@pagecounter=\count306
 (/nix/store/5l0xwh6bzjvcfy3dmpp8xq34mq7nkgjl-texlive-combined-full-2025.20250703-texmfdist/tex/latex/hyperref/pd1enc.def
File: pd1enc.def 2025-06-21 v7.01n Hyperref: PDFDocEncoding definition (HO)
Now handling font encoding PD1 ...
... no UTF-8 mapping file for font encoding PD1
) (/nix/store/5l0xwh6bzjvcfy3dmpp8xq34mq7nkgjl-texlive-combined-full-2025.20250703-texmfdist/tex/generic/intcalc/intcalc.sty
Package: intcalc 2019/12/15 v1.3 Expandable calculations with integers (HO)
)
\Hy@SavedSpaceFactor=\count307
 (/nix/store/5l0xwh6bzjvcfy3dmpp8xq34mq7nkgjl-texlive-combined-full-2025.20250703-texmfdist/tex/latex/hyperref/puenc.def
File: puenc.def 2025-06-21 v7.01n Hyperref: PDF Unicode definition (HO)
Now handling font encoding PU ...
... no UTF-8 mapping file for font encoding PU
)
Package hyperref Info: Hyper figures OFF on input line 4181.
Package hyperref Info: Link nesting OFF on input line 4186.
Package hyperref Info: Hyper index ON on input line 4189.
Package hyperref Info: Plain pages OFF on input line 4196.
Package hyperref Info: Backreferencing OFF on input line 4201.
Package hyperref Info: Implicit mode ON; LaTeX internals redefined.
Package hyperref Info: Bookmarks ON on input line 4448.
\c@Hy@tempcnt=\count308
 (/nix/store/5l0xwh6bzjvcfy3dmpp8xq34mq7nkgjl-texlive-combined-full-2025.20250703-texmfdist/tex/latex/url/url.sty
\Urlmuskip=\muskip18
Package: url 2013/09/16  ver 3.4  Verb mode for urls, etc.
)
LaTeX Info: Redefining \url on input line 4787.
\XeTeXLinkMargin=\dimen163
 (/nix/store/5l0xwh6bzjvcfy3dmpp8xq34mq7nkgjl-texlive-combined-full-2025.20250703-texmfdist/tex/generic/bitset/bitset.sty
Package: bitset 2019/12/09 v1.3 Handle bit-vector datatype (HO)
 (/nix/store/5l0xwh6bzjvcfy3dmpp8xq34mq7nkgjl-texlive-combined-full-2025.20250703-texmfdist/tex/generic/bigintcalc/bigintcalc.sty
Package: bigintcalc 2019/12/15 v1.5 Expandable calculations on big integers (HO)
))
\Fld@menulength=\count309
\Field@Width=\dimen164
\Fld@charsize=\dimen165
Package hyperref Info: Hyper figures OFF on input line 6066.
Package hyperref Info: Link nesting OFF on input line 6071.
Package hyperref Info: Hyper index ON on input line 6074.
Package hyperref Info: backreferencing OFF on input line 6081.
Package hyperref Info: Link coloring OFF on input line 6086.
Package hyperref Info: Link coloring with OCG OFF on input line 6091.
Package hyperref Info: PDF/A mode OFF on input line 6096.
\Hy@abspage=\count310
\c@Item=\count311
\c@Hfootnote=\count312
)
Package hyperref Info: Driver (autodetected): hpdftex.
 (/nix/store/5l0xwh6bzjvcfy3dmpp8xq34mq7nkgjl-texlive-combined-full-2025.20250703-texmfdist/tex/latex/hyperref/hpdftex.def
File: hpdftex.def 2025-06-21 v7.01n Hyperref driver for pdfTeX
\Fld@listcount=\count313
\c@bookmark@seq@number=\count314
 (/nix/store/5l0xwh6bzjvcfy3dmpp8xq34mq7nkgjl-texlive-combined-full-2025.20250703-texmfdist/tex/latex/rerunfilecheck/rerunfilecheck.sty
Package: rerunfilecheck 2025-06-21 v1.11 Rerun checks for auxiliary files (HO)
 (/nix/store/5l0xwh6bzjvcfy3dmpp8xq34mq7nkgjl-texlive-combined-full-2025.20250703-texmfdist/tex/generic/uniquecounter/uniquecounter.sty
Package: uniquecounter 2019/12/15 v1.4 Provide unlimited unique counter (HO)
)
Package uniquecounter Info: New unique counter `rerunfilecheck' on input line 284.
)
\Hy@SectionHShift=\skip58
) (/nix/store/5l0xwh6bzjvcfy3dmpp8xq34mq7nkgjl-texlive-combined-full-2025.20250703-texmfdist/tex/latex/l3backend/l3backend-pdftex.def
File: l3backend-pdftex.def 2025-06-09 L3 backend support: PDF output (pdfTeX)
\l__color_backend_stack_int=\count315
) (./typesystem.aux)
\openout1 = `typesystem.aux'.

LaTeX Font Info:    Checking defaults for OML/cmm/m/it on input line 18.
LaTeX Font Info:    ... okay on input line 18.
LaTeX Font Info:    Checking defaults for OMS/cmsy/m/n on input line 18.
LaTeX Font Info:    ... okay on input line 18.
LaTeX Font Info:    Checking defaults for OT1/cmr/m/n on input line 18.
LaTeX Font Info:    ... okay on input line 18.
LaTeX Font Info:    Checking defaults for T1/cmr/m/n on input line 18.
LaTeX Font Info:    ... okay on input line 18.
LaTeX Font Info:    Checking defaults for TS1/cmr/m/n on input line 18.
LaTeX Font Info:    ... okay on input line 18.
LaTeX Font Info:    Checking defaults for OMX/cmex/m/n on input line 18.
LaTeX Font Info:    ... okay on input line 18.
LaTeX Font Info:    Checking defaults for U/cmr/m/n on input line 18.
LaTeX Font Info:    ... okay on input line 18.
LaTeX Font Info:    Checking defaults for PD1/pdf/m/n on input line 18.
LaTeX Font Info:    ... okay on input line 18.
LaTeX Font Info:    Checking defaults for PU/pdf/m/n on input line 18.
LaTeX Font Info:    ... okay on input line 18.
\c@lstlisting=\count316
 (/nix/store/5l0xwh6bzjvcfy3dmpp8xq34mq7nkgjl-texlive-combined-full-2025.20250703-texmfdist/tex/context/base/mkii/supp-pdf.mkii
[Loading MPS to PDF converter (version 2006.09.02).]
\scratchcounter=\count317
\scratchdimen=\dimen166
\scratchbox=\box60
\nofMPsegments=\count318
\nofMParguments=\count319
\everyMPshowfont=\toks33
\MPscratchCnt=\count320
\MPscratchDim=\dimen167
\MPnumerator=\count321
\makeMPintoPDFobject=\count322
\everyMPtoPDFconversion=\toks34
)
Package hyperref Info: Link coloring OFF on input line 18.
 (./typesystem.out) (./typesystem.out)
\@outlinefile=\write3
\openout3 = `typesystem.out'.

LaTeX Font Info:    Trying to load font information for U+msa on input line 20.
 (/nix/store/5l0xwh6bzjvcfy3dmpp8xq34mq7nkgjl-texlive-combined-full-2025.20250703-texmfdist/tex/latex/amsfonts/umsa.fd
File: umsa.fd 2013/01/14 v3.01 AMS symbols A
)
LaTeX Font Info:    Trying to load font information for U+msb on input line 20.
 (/nix/store/5l0xwh6bzjvcfy3dmpp8xq34mq7nkgjl-texlive-combined-full-2025.20250703-texmfdist/tex/latex/amsfonts/umsb.fd
File: umsb.fd 2013/01/14 v3.01 AMS symbols B
)

Package hyperref Warning: Difference (2) between bookmark levels is greater 
(hyperref)                than one, level fixed on input line 43.



[1

{/nix/store/33g8knc8j8af1bw32n8ha7lx4jvnyf5a-texlive-combined-full-2025.20250703/share/texmf-var/fonts/map/pdftex/updmap/pdftex.map}]

[2{/nix/store/5l0xwh6bzjvcfy3dmpp8xq34mq7nkgjl-texlive-combined-full-2025.20250703-texmfdist/fonts/enc/dvips/cm-super/cm-super-ts1.enc}]

[3]

[4]

[5]

[6] (./typesystem.aux)
 ***********
LaTeX2e <2025-06-01> patch level 1
L3 programming layer <2025-06-09>
 ***********
Package rerunfilecheck Info: File `typesystem.out' has not changed.
(rerunfilecheck)             Checksum: 9D50D41D5BCB89867063DA70C7D72AED;1775.
 ) 
Here is how much of TeX's memory you used:
 11469 strings out of 467888
 178567 string characters out of 5405403
 591040 words of memory out of 5000000
 39866 multiletter control sequences out of 15000+600000
 638292 words of font info for 82 fonts, out of 8000000 for 9000
 1141 hyphenation exceptions out of 8191
 75i,16n,79p,573b,502s stack positions out of 10000i,1000n,20000p,200000b,200000s
</nix/store/5l0xwh6bzjvcfy3dmpp8xq34mq7nkgjl-texlive-combined-full-2025.20250703-texmfdist/fonts/type1/public/amsfonts/cm/cmbx10.pfb></nix/store/5l0xwh6bzjvcfy3dmpp8xq34mq7nkgjl-texlive-combined-full-2025.20250703-texmfdist/fonts/type1/public/amsfonts/cm/cmbx12.pfb></nix/store/5l0xwh6bzjvcfy3dmpp8xq34mq7nkgjl-texlive-combined-full-2025.20250703-texmfdist/fonts/type1/public/amsfonts/cm/cmmi10.pfb></nix/store/5l0xwh6bzjvcfy3dmpp8xq34mq7nkgjl-texlive-combined-full-2025.20250703-texmfdist/fonts/type1/public/amsfonts/cm/cmmi8.pfb></nix/store/5l0xwh6bzjvcfy3dmpp8xq34mq7nkgjl-texlive-combined-full-2025.20250703-texmfdist/fonts/type1/public/amsfonts/cm/cmr10.pfb></nix/store/5l0xwh6bzjvcfy3dmpp8xq34mq7nkgjl-texlive-combined-full-2025.20250703-texmfdist/fonts/type1/public/amsfonts/cm/cmr12.pfb></nix/store/5l0xwh6bzjvcfy3dmpp8xq34mq7nkgjl-texlive-combined-full-2025.20250703-texmfdist/fonts/type1/public/amsfonts/cm/cmr17.pfb></nix/store/5l0xwh6bzjvcfy3dmpp8xq34mq7nkgjl-texlive-combined-full-2025.20250703-texmfdist/fonts/type1/public/amsfonts/cm/cmr8.pfb></nix/store/5l0xwh6bzjvcfy3dmpp8xq34mq7nkgjl-texlive-combined-full-2025.20250703-texmfdist/fonts/type1/public/amsfonts/cm/cmss10.pfb></nix/store/5l0xwh6bzjvcfy3dmpp8xq34mq7nkgjl-texlive-combined-full-2025.20250703-texmfdist/fonts/type1/public/amsfonts/cm/cmsy10.pfb></nix/store/5l0xwh6bzjvcfy3dmpp8xq34mq7nkgjl-texlive-combined-full-2025.20250703-texmfdist/fonts/type1/public/amsfonts/cm/cmsy8.pfb></nix/store/5l0xwh6bzjvcfy3dmpp8xq34mq7nkgjl-texlive-combined-full-2025.20250703-texmfdist/fonts/type1/public/amsfonts/cm/cmti10.pfb></nix/store/5l0xwh6bzjvcfy3dmpp8xq34mq7nkgjl-texlive-combined-full-2025.20250703-texmfdist/fonts/type1/public/amsfonts/cm/cmti8.pfb></nix/store/5l0xwh6bzjvcfy3dmpp8xq34mq7nkgjl-texlive-combined-full-2025.20250703-texmfdist/fonts/type1/public/amsfonts/cm/cmtt10.pfb></nix/store/5l0xwh6bzjvcfy3dmpp8xq34mq7nkgjl-texlive-combined-full-2025.20250703-texmfdist/fonts/type1/public/cm-super/sfrm1095.pfb>
Output written on typesystem.pdf (6 pages, 193688 bytes).
PDF statistics:
 184 PDF objects out of 1000 (max. 8388607)
 144 compressed objects within 2 object streams
 38 named destinations out of 1000 (max. 500000)
 81 words of extra memory for PDF output out of 10000 (max. 10000000)

